[debug] [2018-05-23T16:34:51.927Z] ----------------------------------------------------------------------
[debug] [2018-05-23T16:34:51.930Z] Command:       /usr/bin/node /usr/bin/firebase init
[debug] [2018-05-23T16:34:51.930Z] CLI Version:   3.18.4
[debug] [2018-05-23T16:34:51.930Z] Platform:      linux
[debug] [2018-05-23T16:34:51.930Z] Node Version:  v8.11.1
[debug] [2018-05-23T16:34:51.930Z] Time:          Wed May 23 2018 23:34:51 GMT+0700 (WIB)
[debug] [2018-05-23T16:34:51.930Z] ----------------------------------------------------------------------
[debug] 
[debug] [2018-05-23T16:34:51.940Z] > command requires scopes: ["email","openid","https://www.googleapis.com/auth/cloudplatformprojects.readonly","https://www.googleapis.com/auth/firebase"]
[debug] [2018-05-23T16:34:51.940Z] > authorizing via signed-in user
[info] 
     ######## #### ########  ######## ########     ###     ######  ########
     ##        ##  ##     ## ##       ##     ##  ##   ##  ##       ##
     ######    ##  ########  ######   ########  #########  ######  ######
     ##        ##  ##    ##  ##       ##     ## ##     ##       ## ##
     ##       #### ##     ## ######## ########  ##     ##  ######  ########

You're about to initialize a Firebase project in this directory:

  /home/yohanes/hacktiv8/phase2/portofolio/todo/client

Before we get started, keep in mind:

  * You are initializing in an existing Firebase project directory

[info] 
=== Project Setup
[info] 
[info] First, let's associate this project directory with a Firebase project.
[info] You can create multiple project aliases by running firebase use --add, 
[info] but for now we'll just set up a default project.
[info] 
[debug] [2018-05-23T16:34:55.056Z] > refreshing access token with scopes: ["email","https://www.googleapis.com/auth/cloudplatformprojects.readonly","https://www.googleapis.com/auth/firebase","openid"]
[debug] [2018-05-23T16:34:55.057Z] >>> HTTP REQUEST POST https://www.googleapis.com/oauth2/v3/token  
 { refresh_token: '1/UTYvr4zv2Vq4syWneQ9PCb2g04Yxjlcps5qJNSF38sK6XI0bzRC_Jenw2UfkRk0P',
  client_id: '563584335869-fgrhgmd47bqnekij5i8b5pr03ho849e6.apps.googleusercontent.com',
  client_secret: 'j9iVZfS8kkCEFUPaAeJV0sAi',
  grant_type: 'refresh_token',
  scope: 'email https://www.googleapis.com/auth/cloudplatformprojects.readonly https://www.googleapis.com/auth/firebase openid' } 
 Wed May 23 2018 23:34:55 GMT+0700 (WIB)
[debug] [2018-05-23T16:35:04.160Z] <<< HTTP RESPONSE 200
[debug] [2018-05-23T16:35:04.244Z] >>> HTTP REQUEST GET https://admin.firebase.com/v1/projects  
  
 Wed May 23 2018 23:35:04 GMT+0700 (WIB)
[debug] [2018-05-23T16:35:08.430Z] <<< HTTP RESPONSE 200
[info] i  .firebaserc already has a default project, skipping
[info] 
=== Hosting Setup
[info] 
[info] Your public directory is the folder (relative to your project directory) that
[info] will contain Hosting assets to be uploaded with firebase deploy. If you
[info] have a build process for your assets, use your build's output directory.
[info] 
